<?xml version="1.0" encoding="UTF-8"?>
<!-- Generated by org.testng.reporters.JUnitXMLReporter -->
<testsuite ignored="0" hostname="DESKTOP-55SGHA7" failures="1" tests="2" name="Test" time="29.521" errors="0" timestamp="2026-05-28T21:08:15 IST">
  <testcase classname="testCases.TC_AccountRegistrationTest" name="account_registration" time="0.897"/>
  <testcase classname="testCases.TC_LoginTest" name="account_login" time="10.698">
    <failure type="java.lang.AssertionError" message="null">
      <![CDATA[java.lang.AssertionError: null
at testCases.TC_LoginTest.account_login(TC_LoginTest.java:35)
at java.base/java.util.ArrayList.forEach(ArrayList.java:1596)
... Removed 27 stack frames]]>
    </failure>
  </testcase> <!-- account_login -->
</testsuite> <!-- Test -->
