<?xml version="1.0" encoding="UTF-8"?>
<!-- Generated by org.testng.reporters.JUnitXMLReporter -->
<testsuite ignored="0" hostname="DESKTOP-55SGHA7" failures="2" tests="4" name="Test" time="27.862" errors="0" timestamp="2026-05-29T14:42:47 IST">
  <testcase classname="testCases.TC_LoginDDT" name="verify_loginDDT" time="2.213"/>
  <testcase classname="testCases.TC_LoginDDT" name="verify_loginDDT" time="10.507">
    <failure type="java.lang.AssertionError" message="null">
      <![CDATA[java.lang.AssertionError: null
at testCases.TC_LoginDDT.verify_loginDDT(TC_LoginDDT.java:54)
at java.base/java.util.ArrayList.forEach(ArrayList.java:1596)
... Removed 31 stack frames]]>
    </failure>
  </testcase> <!-- verify_loginDDT -->
  <testcase classname="testCases.TC_LoginDDT" name="verify_loginDDT" time="10.575">
    <failure type="java.lang.AssertionError" message="null">
      <![CDATA[java.lang.AssertionError: null
at testCases.TC_LoginDDT.verify_loginDDT(TC_LoginDDT.java:54)
at java.base/java.util.ArrayList.forEach(ArrayList.java:1596)
... Removed 31 stack frames]]>
    </failure>
  </testcase> <!-- verify_loginDDT -->
  <testcase classname="testCases.TC_LoginDDT" name="verify_loginDDT" time="1.143"/>
</testsuite> <!-- Test -->
