<?xml version="1.0" encoding="UTF-8"?>
<testng-results ignored="0" total="2" passed="1" failed="1" skipped="0">
  <reporter-output>
  </reporter-output>
  <suite started-at="2026-05-28T21:07:45 IST" name="Suite" finished-at="2026-05-28T21:08:14 IST" duration-ms="29521">
    <groups>
      <group name="Master">
        <method signature="TC_AccountRegistrationTest.account_registration()[pri:0, instance:testCases.TC_AccountRegistrationTest@58e6d4b8]" name="account_registration" class="testCases.TC_AccountRegistrationTest"/>
        <method signature="TC_LoginTest.account_login()[pri:0, instance:testCases.TC_LoginTest@38f57b3d]" name="account_login" class="testCases.TC_LoginTest"/>
      </group> <!-- Master -->
      <group name="Sanity">
        <method signature="TC_LoginTest.account_login()[pri:0, instance:testCases.TC_LoginTest@38f57b3d]" name="account_login" class="testCases.TC_LoginTest"/>
      </group> <!-- Sanity -->
      <group name="Regression">
        <method signature="TC_AccountRegistrationTest.account_registration()[pri:0, instance:testCases.TC_AccountRegistrationTest@58e6d4b8]" name="account_registration" class="testCases.TC_AccountRegistrationTest"/>
      </group> <!-- Regression -->
    </groups>
    <test started-at="2026-05-28T21:07:45 IST" name="Test" finished-at="2026-05-28T21:08:14 IST" duration-ms="29521">
      <class name="testCases.TC_AccountRegistrationTest">
        <test-method is-config="true" signature="setup(java.lang.String,java.lang.String)[pri:0, instance:testCases.TC_AccountRegistrationTest@58e6d4b8]" started-at="2026-05-28T21:07:45 IST" name="setup" finished-at="2026-05-28T21:07:47 IST" duration-ms="1829" status="PASS">
          <params>
            <param index="0">
              <value>
                <![CDATA[Windows]]>
              </value>
            </param>
            <param index="1">
              <value>
                <![CDATA[edge]]>
              </value>
            </param>
          </params>
          <reporter-output>
          </reporter-output>
        </test-method> <!-- setup -->
        <test-method signature="account_registration()[pri:0, instance:testCases.TC_AccountRegistrationTest@58e6d4b8]" started-at="2026-05-28T21:07:47 IST" name="account_registration" finished-at="2026-05-28T21:07:47 IST" duration-ms="897" status="PASS">
          <reporter-output>
          </reporter-output>
        </test-method> <!-- account_registration -->
        <test-method is-config="true" signature="teardown()[pri:0, instance:testCases.TC_AccountRegistrationTest@58e6d4b8]" started-at="2026-05-28T21:07:47 IST" name="teardown" finished-at="2026-05-28T21:07:48 IST" duration-ms="188" status="PASS">
          <reporter-output>
          </reporter-output>
        </test-method> <!-- teardown -->
      </class> <!-- testCases.TC_AccountRegistrationTest -->
      <class name="testCases.TC_LoginTest">
        <test-method is-config="true" signature="setup(java.lang.String,java.lang.String)[pri:0, instance:testCases.TC_LoginTest@38f57b3d]" started-at="2026-05-28T21:07:48 IST" name="setup" finished-at="2026-05-28T21:08:03 IST" duration-ms="15670" status="PASS">
          <params>
            <param index="0">
              <value>
                <![CDATA[Windows]]>
              </value>
            </param>
            <param index="1">
              <value>
                <![CDATA[edge]]>
              </value>
            </param>
          </params>
          <reporter-output>
          </reporter-output>
        </test-method> <!-- setup -->
        <test-method signature="account_login()[pri:0, instance:testCases.TC_LoginTest@38f57b3d]" started-at="2026-05-28T21:08:03 IST" name="account_login" finished-at="2026-05-28T21:08:14 IST" duration-ms="10698" status="FAIL">
          <exception class="java.lang.AssertionError">
            <message>
              <![CDATA[null]]>
            </message>
            <full-stacktrace>
              <![CDATA[java.lang.AssertionError: null
at org.testng.Assert.fail(Assert.java:111)
at org.testng.Assert.fail(Assert.java:116)
at testCases.TC_LoginTest.account_login(TC_LoginTest.java:35)
at java.base/jdk.internal.reflect.DirectMethodHandleAccessor.invoke(DirectMethodHandleAccessor.java:103)
at java.base/java.lang.reflect.Method.invoke(Method.java:580)
at org.testng.internal.invokers.MethodInvocationHelper.invokeMethod(MethodInvocationHelper.java:141)
at org.testng.internal.invokers.TestInvoker.invokeMethod(TestInvoker.java:686)
at org.testng.internal.invokers.TestInvoker.invokeTestMethod(TestInvoker.java:230)
at org.testng.internal.invokers.MethodRunner.runInSequence(MethodRunner.java:63)
at org.testng.internal.invokers.TestInvoker$MethodInvocationAgent.invoke(TestInvoker.java:992)
at org.testng.internal.invokers.TestInvoker.invokeTestMethods(TestInvoker.java:203)
at org.testng.internal.invokers.TestMethodWorker.invokeTestMethods(TestMethodWorker.java:154)
at org.testng.internal.invokers.TestMethodWorker.run(TestMethodWorker.java:134)
at java.base/java.util.ArrayList.forEach(ArrayList.java:1596)
at org.testng.TestRunner.privateRun(TestRunner.java:739)
at org.testng.TestRunner.run(TestRunner.java:614)
at org.testng.SuiteRunner.runTest(SuiteRunner.java:421)
at org.testng.SuiteRunner.runSequentially(SuiteRunner.java:413)
at org.testng.SuiteRunner.privateRun(SuiteRunner.java:373)
at org.testng.SuiteRunner.run(SuiteRunner.java:312)
at org.testng.SuiteRunnerWorker.runSuite(SuiteRunnerWorker.java:52)
at org.testng.SuiteRunnerWorker.run(SuiteRunnerWorker.java:95)
at org.testng.TestNG.runSuitesSequentially(TestNG.java:1274)
at org.testng.TestNG.runSuitesLocally(TestNG.java:1208)
at org.testng.TestNG.runSuites(TestNG.java:1112)
at org.testng.TestNG.run(TestNG.java:1079)
at org.testng.remote.AbstractRemoteTestNG.run(AbstractRemoteTestNG.java:115)
at org.testng.remote.RemoteTestNG.initAndRun(RemoteTestNG.java:293)
at org.testng.remote.RemoteTestNG.main(RemoteTestNG.java:91)
]]>
            </full-stacktrace>
          </exception> <!-- java.lang.AssertionError -->
          <reporter-output>
          </reporter-output>
        </test-method> <!-- account_login -->
        <test-method is-config="true" signature="teardown()[pri:0, instance:testCases.TC_LoginTest@38f57b3d]" started-at="2026-05-28T21:08:14 IST" name="teardown" finished-at="2026-05-28T21:08:14 IST" duration-ms="190" status="PASS">
          <reporter-output>
          </reporter-output>
        </test-method> <!-- teardown -->
      </class> <!-- testCases.TC_LoginTest -->
    </test> <!-- Test -->
  </suite> <!-- Suite -->
</testng-results>
